TN:
SF:src/services/CreateUserService.ts
FN:4,CreateUserService
FN:8,execute
FNF:2
FNH:2
FNDA:2,CreateUserService
FNDA:3,execute
DA:1,1
DA:2,1
DA:3,1
DA:4,1
DA:5,2
DA:6,2
DA:7,1
DA:8,1
DA:9,3
DA:10,3
DA:11,3
DA:12,1
DA:13,1
DA:14,2
DA:15,2
DA:16,2
DA:17,2
DA:18,2
DA:19,1
DA:20,1
DA:21,1
LF:21
LH:21
BRDA:4,0,0,2
BRDA:8,1,0,3
BRDA:11,2,0,1
BRDA:14,3,0,2
BRF:4
BRH:4
end_of_record
TN:
SF:src/tests/fakes/FakeUserRepository.ts
FN:4,FakeUsersRepository
FN:7,create
FN:19,find
FN:23,findByEmail
FNF:4
FNH:3
FNDA:2,FakeUsersRepository
FNDA:2,create
FNDA:0,find
FNDA:3,findByEmail
DA:1,1
DA:2,1
DA:3,1
DA:4,2
DA:5,2
DA:6,2
DA:7,2
DA:8,2
DA:9,2
DA:10,2
DA:11,2
DA:12,2
DA:13,2
DA:14,2
DA:15,2
DA:16,2
DA:17,2
DA:18,2
DA:19,2
DA:20,0
DA:21,0
DA:22,2
DA:23,2
DA:24,3
DA:25,3
DA:26,2
DA:27,1
DA:28,1
LF:28
LH:26
BRDA:4,0,0,2
BRDA:7,1,0,2
BRDA:23,2,0,3
BRDA:24,3,0,2
BRDA:24,4,0,1
BRF:5
BRH:5
end_of_record
